<?xml version="1.0" encoding="UTF-8"?>
<testsuite xmlns:xsi="http://www.w3.org/2001/XMLSchema-instance" xsi:noNamespaceSchemaLocation="https://maven.apache.org/surefire/maven-surefire-plugin/xsd/surefire-test-report-3.0.xsd" version="3.0" name="com.example.AssertionsTest" time="0.084" tests="1" errors="0" skipped="0" failures="0">
  <properties>
    <property name="java.specification.version" value="24"/>
    <property name="sun.cpu.isalist" value="amd64"/>
    <property name="sun.jnu.encoding" value="Cp1252"/>
    <property name="java.class.path" value="C:\Users\thuni\Desktop\Digital-Nurture-4.0-JavaFSE-main\week_2\codes\JUnit-Testing\exercise3\target\test-classes;C:\Users\thuni\Desktop\Digital-Nurture-4.0-JavaFSE-main\week_2\codes\JUnit-Testing\exercise3\target\classes;C:\Users\thuni\.m2\repository\org\junit\jupiter\junit-jupiter\5.13.2\junit-jupiter-5.13.2.jar;C:\Users\thuni\.m2\repository\org\junit\jupiter\junit-jupiter-api\5.13.2\junit-jupiter-api-5.13.2.jar;C:\Users\thuni\.m2\repository\org\opentest4j\opentest4j\1.3.0\opentest4j-1.3.0.jar;C:\Users\thuni\.m2\repository\org\junit\platform\junit-platform-commons\1.13.2\junit-platform-commons-1.13.2.jar;C:\Users\thuni\.m2\repository\org\apiguardian\apiguardian-api\1.1.2\apiguardian-api-1.1.2.jar;C:\Users\thuni\.m2\repository\org\junit\jupiter\junit-jupiter-params\5.13.2\junit-jupiter-params-5.13.2.jar;C:\Users\thuni\.m2\repository\org\junit\jupiter\junit-jupiter-engine\5.13.2\junit-jupiter-engine-5.13.2.jar;C:\Users\thuni\.m2\repository\org\junit\platform\junit-platform-engine\1.13.2\junit-platform-engine-1.13.2.jar;"/>
    <property name="java.vm.vendor" value="Oracle Corporation"/>
    <property name="sun.arch.data.model" value="64"/>
    <property name="user.variant" value=""/>
    <property name="java.vendor.url" value="https://java.oracle.com/"/>
    <property name="user.timezone" value="Asia/Calcutta"/>
    <property name="os.name" value="Windows 11"/>
    <property name="java.vm.specification.version" value="24"/>
    <property name="sun.java.launcher" value="SUN_STANDARD"/>
    <property name="user.country" value="IN"/>
    <property name="sun.boot.library.path" value="C:\Program Files\Java\jdk-24\bin"/>
    <property name="sun.java.command" value="C:\Users\thuni\AppData\Local\Temp\surefire16259841880886105236\surefirebooter-20250627143812311_3.jar C:\Users\thuni\AppData\Local\Temp\surefire16259841880886105236 2025-06-27T14-38-12_080-jvmRun1 surefire-20250627143812311_1tmp surefire_0-20250627143812311_2tmp"/>
    <property name="jdk.debug" value="release"/>
    <property name="surefire.test.class.path" value="C:\Users\thuni\Desktop\Digital-Nurture-4.0-JavaFSE-main\week_2\codes\JUnit-Testing\exercise3\target\test-classes;C:\Users\thuni\Desktop\Digital-Nurture-4.0-JavaFSE-main\week_2\codes\JUnit-Testing\exercise3\target\classes;C:\Users\thuni\.m2\repository\org\junit\jupiter\junit-jupiter\5.13.2\junit-jupiter-5.13.2.jar;C:\Users\thuni\.m2\repository\org\junit\jupiter\junit-jupiter-api\5.13.2\junit-jupiter-api-5.13.2.jar;C:\Users\thuni\.m2\repository\org\opentest4j\opentest4j\1.3.0\opentest4j-1.3.0.jar;C:\Users\thuni\.m2\repository\org\junit\platform\junit-platform-commons\1.13.2\junit-platform-commons-1.13.2.jar;C:\Users\thuni\.m2\repository\org\apiguardian\apiguardian-api\1.1.2\apiguardian-api-1.1.2.jar;C:\Users\thuni\.m2\repository\org\junit\jupiter\junit-jupiter-params\5.13.2\junit-jupiter-params-5.13.2.jar;C:\Users\thuni\.m2\repository\org\junit\jupiter\junit-jupiter-engine\5.13.2\junit-jupiter-engine-5.13.2.jar;C:\Users\thuni\.m2\repository\org\junit\platform\junit-platform-engine\1.13.2\junit-platform-engine-1.13.2.jar;"/>
    <property name="sun.cpu.endian" value="little"/>
    <property name="user.home" value="C:\Users\thuni"/>
    <property name="user.language" value="en"/>
    <property name="java.specification.vendor" value="Oracle Corporation"/>
    <property name="java.version.date" value="2025-04-15"/>
    <property name="java.home" value="C:\Program Files\Java\jdk-24"/>
    <property name="file.separator" value="\"/>
    <property name="basedir" value="C:\Users\thuni\Desktop\Digital-Nurture-4.0-JavaFSE-main\week_2\codes\JUnit-Testing\exercise3"/>
    <property name="java.vm.compressedOopsMode" value="32-bit"/>
    <property name="line.separator" value="&#10;"/>
    <property name="java.vm.specification.vendor" value="Oracle Corporation"/>
    <property name="java.specification.name" value="Java Platform API Specification"/>
    <property name="surefire.real.class.path" value="C:\Users\thuni\AppData\Local\Temp\surefire16259841880886105236\surefirebooter-20250627143812311_3.jar"/>
    <property name="user.script" value=""/>
    <property name="sun.management.compiler" value="HotSpot 64-Bit Tiered Compilers"/>
    <property name="java.runtime.version" value="24.0.1+9-30"/>
    <property name="user.name" value="thuni"/>
    <property name="stdout.encoding" value="Cp1252"/>
    <property name="path.separator" value=";"/>
    <property name="os.version" value="10.0"/>
    <property name="java.runtime.name" value="Java(TM) SE Runtime Environment"/>
    <property name="file.encoding" value="UTF-8"/>
    <property name="java.vm.name" value="Java HotSpot(TM) 64-Bit Server VM"/>
    <property name="localRepository" value="C:\Users\thuni\.m2\repository"/>
    <property name="java.vendor.url.bug" value="https://bugreport.java.com/bugreport/"/>
    <property name="java.io.tmpdir" value="C:\Users\thuni\AppData\Local\Temp\"/>
    <property name="java.version" value="24.0.1"/>
    <property name="user.dir" value="C:\Users\thuni\Desktop\Digital-Nurture-4.0-JavaFSE-main\Week_2\codes\JUnit-Testing\exercise3"/>
    <property name="os.arch" value="amd64"/>
    <property name="java.vm.specification.name" value="Java Virtual Machine Specification"/>
    <property name="sun.os.patch.level" value=""/>
    <property name="native.encoding" value="Cp1252"/>
    <property name="java.library.path" value="C:\Program Files\Java\jdk-24\bin;C:\WINDOWS\Sun\Java\bin;C:\WINDOWS\system32;C:\WINDOWS;C:\Users\thuni\bin;C:\Program Files\Git\mingw64\bin;C:\Program Files\Git\usr\local\bin;C:\Program Files\Git\usr\bin;C:\Program Files\Git\usr\bin;C:\Program Files\Git\mingw64\bin;C:\Program Files\Git\usr\bin;C:\Users\thuni\bin;C:\Program Files\Java\jdk-24\bin;C:\Python312;C:\Python312\Scripts;C:\Users\thuni\Documents\python 10;C:\Program Files\Java\jdk-20\bin;C:\Program Files\Java\jdk1.8.0_202\bin;C:\oracle\product\10.2.0\db_1\bin;C:\oraclexe\app\oracle\product\11.2.0\server\bin;C:\Program Files\Common Files\Oracle\Java\javapath;C:\WINDOWS\system32;C:\WINDOWS;C:\WINDOWS\System32\Wbem;C:\WINDOWS\System32\WindowsPowerShell\v1.0;C:\WINDOWS\System32\OpenSSH;C:\msys64\ucrt64\bin;C:\Program Files\Microsoft SQL Server\Client SDK\ODBC\170\Tools\Binn;C:\Program Files (x86)\Microsoft SQL Server\160\Tools\Binn;C:\Program Files\Microsoft SQL Server\160\Tools\Binn;C:\Program Files\Microsoft SQL Server\160\DTS\Binn;C:\Program Files\Git\cmd;C:\Program Files\nodejs;C:\ProgramData\chocolatey\bin;C:\Program Files\Docker\Docker\resources\bin;C:\Users\thuni\Downloads\windows_10_cmake_Release_Graphviz-12.2.1-win64\Graphviz-12.2.1-win64\bin;C:\ProgramData\chocolatey\lib\maven\apache-maven-3.9.9\bin;C:\msys64\ucrt64\bin;C:\Users\thuni\Documents\python 10\Scripts;C:\Users\thuni\Documents\python 10;C:\Users\thuni\AppData\Local\Programs\Python\Python312\Scripts;C:\Users\thuni\AppData\Local\Programs\Python\Python312;C:\Users\thuni\AppData\Local\Microsoft\WindowsApps;C:\Users\thuni\AppData\Local\Programs\Microsoft VS Code\bin;C:\Users\thuni\AppData\Roaming\npm;C:\Users\thuni\OneDrive\Documents\coding\python;C:\Program Files\Git\usr\bin\vendor_perl;C:\Program Files\Git\usr\bin\core_perl;."/>
    <property name="java.vm.info" value="mixed mode, sharing"/>
    <property name="stderr.encoding" value="Cp1252"/>
    <property name="java.vendor" value="Oracle Corporation"/>
    <property name="java.vm.version" value="24.0.1+9-30"/>
    <property name="sun.io.unicode.encoding" value="UnicodeLittle"/>
    <property name="java.class.version" value="68.0"/>
  </properties>
  <testcase name="testAssertions" classname="com.example.AssertionsTest" time="0.042">
    <system-out><![CDATA[This is happening
]]></system-out>
  </testcase>
</testsuite>